-------------------------------------------------------------------------------
Test set: org.example.service.AddStudentTest
-------------------------------------------------------------------------------
Tests run: 2, Failures: 1, Errors: 0, Skipped: 0, Time elapsed: 0.098 s <<< FAILURE! - in org.example.service.AddStudentTest
org.example.service.AddStudentTest.groupNumberPositive_shouldReturnNull  Time elapsed: 0.007 s  <<< FAILURE!
org.opentest4j.AssertionFailedError: expected: <true> but was: <false>
	at org.example.service.AddStudentTest.groupNumberPositive_shouldReturnNull(AddStudentTest.java:31)

